No.     Time                       Source                Destination           Protocol Length Info
    190 2016-10-09 16:03:21.187100 Netgear_39:97:4c (TA) Azurewav_e0:9a:ae (RA) 802.11   46     Request-to-send, Flags=........C

Frame 190: 46 bytes on wire (368 bits), 46 bytes captured (368 bits)
    Arrival Time: Oct  9, 2016 16:03:21.187100000 CDT
    Epoch Time: 1476047001.187100000 seconds
    [Time delta from previous captured frame: 0.001079000 seconds]
    [Time delta from previous displayed frame: 0.000000000 seconds]
    [Time since reference or first frame: 4.856651000 seconds]
    Frame Number: 190
    Frame Length: 46 bytes (368 bits)
    Capture Length: 46 bytes (368 bits)
    [Frame is marked: False]
    [Frame is ignored: False]
    [Protocols in frame: radiotap:wlan]
Radiotap Header v0, Length 26
    Header revision: 0
    Header pad: 0
    Header length: 26
    Present flags
    MAC timestamp: 456355680
    Flags: 0x10
    Data Rate: 24.0 Mb/s
    Channel frequency: 2442 [BG 7]
    Channel type: 802.11g (pure-g) (0x00c0)
    SSI Signal: -26 dBm
    Antenna: 1
    RX flags: 0x0000
IEEE 802.11 Request-to-send, Flags: ........C
    Type/Subtype: Request-to-send (0x1b)
    Frame Control: 0x00B4 (Normal)
        Version: 0
        Type: Control frame (1)
        Subtype: 11
        Flags: 0x0
    Duration: 188
    Receiver address: Azurewav_e0:9a:ae (94:db:c9:e0:9a:ae)
    Transmitter address: Netgear_39:97:4c (84:1b:5e:39:97:4c)
    Frame check sequence: 0x1da0c310 [correct]
        [Good: True]
        [Bad: False]
